<?xml version="1.0" encoding="UTF-8"?>
<coverage generated="1766738691903" clover="3.2.0">
  <project timestamp="1766738691903" name="All files">
    <metrics statements="84" coveredstatements="55" conditionals="38" coveredconditionals="31" methods="30" coveredmethods="19" elements="152" coveredelements="105" complexity="0" loc="84" ncloc="84" packages="1" files="5" classes="5"/>
    <file name="repository.ts" path="C:\Users\datko\OneDrive\Desktop\node.js-pre-training-solutions\JS-TS\my-solutions\repository.ts">
      <metrics statements="16" coveredstatements="15" conditionals="4" coveredconditionals="3" methods="9" coveredmethods="9"/>
      <line num="1" count="2" type="stmt"/>
      <line num="2" count="11" type="stmt"/>
      <line num="5" count="5" type="stmt"/>
      <line num="6" count="5" type="stmt"/>
      <line num="10" count="2" type="stmt"/>
      <line num="12" count="2" type="cond" truecount="2" falsecount="0"/>
      <line num="13" count="1" type="stmt"/>
      <line num="16" count="1" type="stmt"/>
      <line num="22" count="1" type="stmt"/>
      <line num="23" count="1" type="stmt"/>
      <line num="27" count="1" type="stmt"/>
      <line num="29" count="1" type="cond" truecount="1" falsecount="1"/>
      <line num="30" count="0" type="stmt"/>
      <line num="33" count="1" type="stmt"/>
      <line num="37" count="3" type="stmt"/>
      <line num="41" count="1" type="stmt"/>
    </file>
    <file name="todo-api.ts" path="C:\Users\datko\OneDrive\Desktop\node.js-pre-training-solutions\JS-TS\my-solutions\todo-api.ts">
      <metrics statements="26" coveredstatements="5" conditionals="6" coveredconditionals="0" methods="8" coveredmethods="1"/>
      <line num="1" count="1" type="stmt"/>
      <line num="2" count="1" type="stmt"/>
      <line num="6" count="0" type="stmt"/>
      <line num="7" count="0" type="stmt"/>
      <line num="11" count="1" type="stmt"/>
      <line num="12" count="5" type="stmt"/>
      <line num="13" count="5" type="stmt"/>
      <line num="16" count="0" type="stmt"/>
      <line num="17" count="0" type="stmt"/>
      <line num="21" count="0" type="stmt"/>
      <line num="22" count="0" type="stmt"/>
      <line num="26" count="0" type="stmt"/>
      <line num="28" count="0" type="stmt"/>
      <line num="36" count="0" type="stmt"/>
      <line num="37" count="0" type="stmt"/>
      <line num="41" count="0" type="stmt"/>
      <line num="43" count="0" type="stmt"/>
      <line num="44" count="0" type="cond" truecount="0" falsecount="2"/>
      <line num="45" count="0" type="stmt"/>
      <line num="48" count="0" type="stmt"/>
      <line num="49" count="0" type="stmt"/>
      <line num="53" count="0" type="stmt"/>
      <line num="55" count="0" type="stmt"/>
      <line num="56" count="0" type="cond" truecount="0" falsecount="2"/>
      <line num="57" count="0" type="stmt"/>
      <line num="60" count="0" type="stmt"/>
    </file>
    <file name="todo-manager.ts" path="C:\Users\datko\OneDrive\Desktop\node.js-pre-training-solutions\JS-TS\my-solutions\todo-manager.ts">
      <metrics statements="12" coveredstatements="5" conditionals="0" coveredconditionals="0" methods="5" coveredmethods="1"/>
      <line num="1" count="1" type="stmt"/>
      <line num="2" count="1" type="stmt"/>
      <line num="5" count="1" type="stmt"/>
      <line num="10" count="5" type="stmt"/>
      <line num="11" count="5" type="stmt"/>
      <line num="15" count="0" type="stmt"/>
      <line num="16" count="0" type="stmt"/>
      <line num="17" count="0" type="stmt"/>
      <line num="18" count="0" type="stmt"/>
      <line num="22" count="0" type="stmt"/>
      <line num="26" count="0" type="stmt"/>
      <line num="30" count="0" type="stmt"/>
    </file>
    <file name="todo-service.ts" path="C:\Users\datko\OneDrive\Desktop\node.js-pre-training-solutions\JS-TS\my-solutions\todo-service.ts">
      <metrics statements="26" coveredstatements="26" conditionals="26" coveredconditionals="26" methods="7" coveredmethods="7"/>
      <line num="2" count="2" type="stmt"/>
      <line num="4" count="2" type="stmt"/>
      <line num="5" count="24" type="stmt"/>
      <line num="8" count="7" type="cond" truecount="4" falsecount="0"/>
      <line num="9" count="2" type="stmt"/>
      <line num="12" count="5" type="cond" truecount="2" falsecount="0"/>
      <line num="13" count="1" type="stmt"/>
      <line num="16" count="4" type="cond" truecount="4" falsecount="0"/>
      <line num="17" count="1" type="stmt"/>
      <line num="20" count="3" type="stmt"/>
      <line num="28" count="5" type="cond" truecount="4" falsecount="0"/>
      <line num="29" count="2" type="stmt"/>
      <line num="32" count="3" type="stmt"/>
      <line num="33" count="3" type="stmt"/>
      <line num="36" count="3" type="cond" truecount="2" falsecount="0"/>
      <line num="37" count="1" type="stmt"/>
      <line num="40" count="2" type="cond" truecount="2" falsecount="0"/>
      <line num="44" count="2" type="stmt"/>
      <line num="48" count="8" type="cond" truecount="4" falsecount="0"/>
      <line num="49" count="2" type="stmt"/>
      <line num="52" count="6" type="stmt"/>
      <line num="53" count="6" type="stmt"/>
      <line num="55" count="6" type="stmt"/>
      <line num="56" count="10" type="stmt"/>
      <line num="57" count="10" type="cond" truecount="2" falsecount="0"/>
      <line num="60" count="10" type="cond" truecount="2" falsecount="0"/>
    </file>
    <file name="types.ts" path="C:\Users\datko\OneDrive\Desktop\node.js-pre-training-solutions\JS-TS\my-solutions\types.ts">
      <metrics statements="4" coveredstatements="4" conditionals="2" coveredconditionals="2" methods="1" coveredmethods="1"/>
      <line num="1" count="2" type="cond" truecount="2" falsecount="0"/>
      <line num="2" count="2" type="stmt"/>
      <line num="3" count="2" type="stmt"/>
      <line num="4" count="2" type="stmt"/>
    </file>
  </project>
</coverage>
