TN:
SF:repository.ts
FN:1,(anonymous_0)
FN:4,(anonymous_1)
FN:9,(anonymous_2)
FN:10,(anonymous_3)
FN:26,(anonymous_4)
FN:27,(anonymous_5)
FN:36,(anonymous_6)
FN:37,(anonymous_7)
FN:40,(anonymous_8)
FNF:9
FNH:9
FNDA:11,(anonymous_0)
FNDA:5,(anonymous_1)
FNDA:2,(anonymous_2)
FNDA:1,(anonymous_3)
FNDA:1,(anonymous_4)
FNDA:1,(anonymous_5)
FNDA:3,(anonymous_6)
FNDA:1,(anonymous_7)
FNDA:1,(anonymous_8)
DA:1,2
DA:2,11
DA:5,5
DA:6,5
DA:10,2
DA:12,2
DA:13,1
DA:16,1
DA:22,1
DA:23,1
DA:27,1
DA:29,1
DA:30,0
DA:33,1
DA:37,3
DA:41,1
LF:16
LH:15
BRDA:12,0,0,1
BRDA:12,0,1,1
BRDA:29,1,0,0
BRDA:29,1,1,1
BRF:4
BRH:3
end_of_record
TN:
SF:todo-api.ts
FN:5,(anonymous_0)
FN:11,(anonymous_1)
FN:15,(anonymous_2)
FN:17,(anonymous_3)
FN:20,(anonymous_4)
FN:25,(anonymous_5)
FN:40,(anonymous_6)
FN:52,(anonymous_7)
FNF:8
FNH:1
FNDA:0,(anonymous_0)
FNDA:5,(anonymous_1)
FNDA:0,(anonymous_2)
FNDA:0,(anonymous_3)
FNDA:0,(anonymous_4)
FNDA:0,(anonymous_5)
FNDA:0,(anonymous_6)
FNDA:0,(anonymous_7)
DA:1,1
DA:2,1
DA:6,0
DA:7,0
DA:11,1
DA:12,5
DA:13,5
DA:16,0
DA:17,0
DA:21,0
DA:22,0
DA:26,0
DA:28,0
DA:36,0
DA:37,0
DA:41,0
DA:43,0
DA:44,0
DA:45,0
DA:48,0
DA:49,0
DA:53,0
DA:55,0
DA:56,0
DA:57,0
DA:60,0
LF:26
LH:5
BRDA:32,0,0,0
BRDA:32,0,1,0
BRDA:44,1,0,0
BRDA:44,1,1,0
BRDA:56,2,0,0
BRDA:56,2,1,0
BRF:6
BRH:0
end_of_record
TN:
SF:todo-manager.ts
FN:9,(anonymous_0)
FN:14,(anonymous_1)
FN:21,(anonymous_2)
FN:25,(anonymous_3)
FN:29,(anonymous_4)
FNF:5
FNH:1
FNDA:5,(anonymous_0)
FNDA:0,(anonymous_1)
FNDA:0,(anonymous_2)
FNDA:0,(anonymous_3)
FNDA:0,(anonymous_4)
DA:1,1
DA:2,1
DA:5,1
DA:10,5
DA:11,5
DA:15,0
DA:16,0
DA:17,0
DA:18,0
DA:22,0
DA:26,0
DA:30,0
LF:12
LH:5
BRF:0
BRH:0
end_of_record
TN:
SF:todo-service.ts
FN:5,(anonymous_0)
FN:7,(anonymous_1)
FN:27,(anonymous_2)
FN:32,(anonymous_3)
FN:33,(anonymous_4)
FN:47,(anonymous_5)
FN:55,(anonymous_6)
FNF:7
FNH:7
FNDA:24,(anonymous_0)
FNDA:7,(anonymous_1)
FNDA:5,(anonymous_2)
FNDA:3,(anonymous_3)
FNDA:2,(anonymous_4)
FNDA:8,(anonymous_5)
FNDA:10,(anonymous_6)
DA:2,2
DA:4,2
DA:5,24
DA:8,7
DA:9,2
DA:12,5
DA:13,1
DA:16,4
DA:17,1
DA:20,3
DA:28,5
DA:29,2
DA:32,3
DA:33,3
DA:36,3
DA:37,1
DA:40,2
DA:44,2
DA:48,8
DA:49,2
DA:52,6
DA:53,6
DA:55,6
DA:56,10
DA:57,10
DA:60,10
LF:26
LH:26
BRDA:8,0,0,2
BRDA:8,0,1,5
BRDA:8,1,0,7
BRDA:8,1,1,6
BRDA:12,2,0,1
BRDA:12,2,1,4
BRDA:16,3,0,1
BRDA:16,3,1,3
BRDA:16,4,0,4
BRDA:16,4,1,3
BRDA:28,5,0,2
BRDA:28,5,1,3
BRDA:28,6,0,5
BRDA:28,6,1,5
BRDA:36,7,0,1
BRDA:36,7,1,2
BRDA:40,8,0,1
BRDA:40,8,1,1
BRDA:48,9,0,2
BRDA:48,9,1,6
BRDA:48,10,0,8
BRDA:48,10,1,7
BRDA:57,11,0,9
BRDA:57,11,1,1
BRDA:60,12,0,10
BRDA:60,12,1,6
BRF:26
BRH:26
end_of_record
TN:
SF:types.ts
FN:1,(anonymous_0)
FNF:1
FNH:1
FNDA:2,(anonymous_0)
DA:1,2
DA:2,2
DA:3,2
DA:4,2
LF:4
LH:4
BRDA:1,0,0,2
BRDA:1,0,1,2
BRF:2
BRH:2
end_of_record
